<?xml version="1.0" encoding="UTF-8"?>
<!-- Generated by org.testng.reporters.JUnitXMLReporter -->
<testsuite ignored="0" hostname="VENKATESH" failures="1" tests="1" name="Headless Browser Automation" time="19.685" errors="0" timestamp="2026-07-26T00:08:27 IST">
  <testcase classname="com.example.PlaywrightTest" name="testPageTitle" time="2.952">
    <failure type="java.lang.AssertionError" message="expected [Example Domain1] but found [Example Domain]">
      <![CDATA[java.lang.AssertionError: expected [Example Domain1] but found [Example Domain]
at com.example.PlaywrightTest.testPageTitle(PlaywrightTest.java:39)
at java.base/java.util.ArrayList.forEach(ArrayList.java:1596)
... Removed 35 stack frames]]>
    </failure>
  </testcase> <!-- testPageTitle -->
</testsuite> <!-- Headless Browser Automation -->
